2026-05-21 10:47:20.802 [main] INFO  codeking.WebManagementApplication - Starting WebManagementApplication using Java 17.0.18 with PID 22944 (E:\JavaWebTest\javaweb02\web-management\target\classes started by wei in E:\JavaWebTest\javaweb02)
2026-05-21 10:47:20.808 [main] DEBUG codeking.WebManagementApplication - Running with Spring Boot v4.0.6, Spring v7.0.7
2026-05-21 10:47:20.809 [main] INFO  codeking.WebManagementApplication - No active profile set, falling back to 1 default profile: "default"
2026-05-21 10:47:21.855 [main] INFO  o.s.boot.tomcat.TomcatWebServer - Tomcat initialized with port 8080 (http)
2026-05-21 10:47:21.867 [main] INFO  o.apache.coyote.http11.Http11NioProtocol - Initializing ProtocolHandler ["http-nio-8080"]
2026-05-21 10:47:21.869 [main] INFO  o.apache.catalina.core.StandardService - Starting service [Tomcat]
2026-05-21 10:47:21.869 [main] INFO  org.apache.catalina.core.StandardEngine - Starting Servlet engine: [Apache Tomcat/11.0.21]
2026-05-21 10:47:21.923 [main] INFO  o.s.b.w.c.s.WebApplicationContextInitializer - Root WebApplicationContext: initialization completed in 1066 ms
2026-05-21 10:47:22.610 [main] INFO  o.apache.coyote.http11.Http11NioProtocol - Starting ProtocolHandler ["http-nio-8080"]
2026-05-21 10:47:22.628 [main] INFO  o.s.boot.tomcat.TomcatWebServer - Tomcat started on port 8080 (http) with context path '/'
2026-05-21 10:47:22.634 [main] INFO  codeking.WebManagementApplication - Started WebManagementApplication in 2.413 seconds (process running for 3.1)
2026-05-21 10:48:15.014 [http-nio-8080-exec-1] INFO  o.a.c.c.C.[Tomcat].[localhost].[/] - Initializing Spring DispatcherServlet 'dispatcherServlet'
2026-05-21 10:48:15.014 [http-nio-8080-exec-1] INFO  o.s.web.servlet.DispatcherServlet - Initializing Servlet 'dispatcherServlet'
2026-05-21 10:48:15.015 [http-nio-8080-exec-1] INFO  o.s.web.servlet.DispatcherServlet - Completed initialization in 1 ms
2026-05-21 10:48:15.019 [http-nio-8080-exec-1] INFO  codeking.fliter.TokenFilter - 登录请求 , 直接放行
2026-05-21 10:48:15.105 [http-nio-8080-exec-1] INFO  codeking.controller.LoginController - 员工来登录啦 , Emp(id=null, username=songjiang, password=123456, name=null, gender=null, phone=null, job=null, salary=null, image=null, entryDate=null, deptId=null, createTime=null, updateTime=null, deptName=null, exprList=null)
2026-05-21 10:48:15.125 [http-nio-8080-exec-1] INFO  com.zaxxer.hikari.HikariDataSource - HikariPool-1 - Starting...
2026-05-21 10:48:15.567 [http-nio-8080-exec-1] INFO  com.zaxxer.hikari.pool.HikariPool - HikariPool-1 - Added connection com.mysql.cj.jdbc.ConnectionImpl@6462acc3
2026-05-21 10:48:15.569 [http-nio-8080-exec-1] INFO  com.zaxxer.hikari.HikariDataSource - HikariPool-1 - Start completed.
2026-05-21 10:48:15.575 [http-nio-8080-exec-1] DEBUG c.m.EmpMapper.getUsernameAndPassword - ==>  Preparing: select * from emp where username = ? and password = ?
2026-05-21 10:48:15.595 [http-nio-8080-exec-1] DEBUG c.m.EmpMapper.getUsernameAndPassword - ==> Parameters: songjiang(String), 123456(String)
2026-05-21 10:48:15.675 [http-nio-8080-exec-1] DEBUG c.m.EmpMapper.getUsernameAndPassword - <==      Total: 1
2026-05-21 10:48:18.256 [http-nio-8080-exec-2] INFO  codeking.fliter.TokenFilter - 令牌合法, 放行
2026-05-21 10:48:18.256 [http-nio-8080-exec-3] INFO  codeking.fliter.TokenFilter - 令牌合法, 放行
2026-05-21 10:48:18.262 [http-nio-8080-exec-2] INFO  codeking.controller.ClazzController - 班级分页查询: page=1, pageSize=10, name=, begin=null, end=null
2026-05-21 10:48:18.323 [http-nio-8080-exec-2] DEBUG codeking.mapper.ClazzMapper.list_COUNT - ==>  Preparing: SELECT count(0) FROM (SELECT c.*, e.name AS master_name, (CASE WHEN curdate() < c.begin_date THEN '未开班' WHEN curdate() > c.end_date THEN '已结课' ELSE '已开班' END) AS status FROM clazz c LEFT JOIN emp e ON c.master_id = e.id) table_count
2026-05-21 10:48:18.324 [http-nio-8080-exec-2] DEBUG codeking.mapper.ClazzMapper.list_COUNT - ==> Parameters: 
2026-05-21 10:48:18.343 [http-nio-8080-exec-2] DEBUG codeking.mapper.ClazzMapper.list_COUNT - <==      Total: 1
2026-05-21 10:48:18.344 [http-nio-8080-exec-2] DEBUG codeking.mapper.ClazzMapper.list - ==>  Preparing: select c.*, e.name as master_name, (case when curdate() < c.begin_date then '未开班' when curdate() > c.end_date then '已结课' else '已开班' end) as status from clazz c left join emp e on c.master_id = e.id order by c.id desc LIMIT ?
2026-05-21 10:48:18.345 [http-nio-8080-exec-2] DEBUG codeking.mapper.ClazzMapper.list - ==> Parameters: 10(Integer)
2026-05-21 10:48:18.349 [http-nio-8080-exec-2] DEBUG codeking.mapper.ClazzMapper.list - <==      Total: 7
2026-05-21 10:48:21.658 [http-nio-8080-exec-4] INFO  codeking.fliter.TokenFilter - 令牌合法, 放行
2026-05-21 10:48:21.659 [http-nio-8080-exec-4] INFO  codeking.controller.ClazzController - 根据 id 查询班级: 7
2026-05-21 10:48:21.660 [http-nio-8080-exec-4] DEBUG codeking.mapper.ClazzMapper.getById - ==>  Preparing: select id, name, room, begin_date, end_date, master_id, subject, create_time, update_time from clazz where id = ?
2026-05-21 10:48:21.660 [http-nio-8080-exec-4] DEBUG codeking.mapper.ClazzMapper.getById - ==> Parameters: 7(Integer)
2026-05-21 10:48:21.662 [http-nio-8080-exec-4] DEBUG codeking.mapper.ClazzMapper.getById - <==      Total: 1
2026-05-21 10:48:24.702 [http-nio-8080-exec-5] INFO  codeking.fliter.TokenFilter - 令牌合法, 放行
2026-05-21 10:48:24.710 [http-nio-8080-exec-5] INFO  codeking.controller.ClazzController - 修改班级: Clazz(id=7, name=9991, room=21, beginDate=2026-05-05, endDate=2026-05-28, masterId=null, subject=1, createTime=2026-05-14T13:39:15, updateTime=2026-05-14T13:39:49, masterName=null, status=null)
2026-05-21 10:48:24.713 [http-nio-8080-exec-5] DEBUG codeking.mapper.ClazzMapper.updateById - ==>  Preparing: update clazz set name = ?, room = ?, begin_date = ?, end_date = ?, master_id = ?, subject = ?, update_time = ? where id = ?
2026-05-21 10:48:24.714 [http-nio-8080-exec-5] DEBUG codeking.mapper.ClazzMapper.updateById - ==> Parameters: 9991(String), 21(String), 2026-05-05(LocalDate), 2026-05-28(LocalDate), null, 1(Integer), 2026-05-21T10:48:24.713438700(LocalDateTime), 7(Integer)
2026-05-21 10:48:24.739 [http-nio-8080-exec-5] DEBUG codeking.mapper.ClazzMapper.updateById - <==    Updates: 1
2026-05-21 10:48:24.749 [http-nio-8080-exec-6] INFO  codeking.fliter.TokenFilter - 令牌合法, 放行
2026-05-21 10:48:24.750 [http-nio-8080-exec-6] INFO  codeking.controller.ClazzController - 班级分页查询: page=1, pageSize=10, name=, begin=null, end=null
2026-05-21 10:48:24.753 [http-nio-8080-exec-6] DEBUG codeking.mapper.ClazzMapper.list_COUNT - ==>  Preparing: SELECT count(0) FROM (SELECT c.*, e.name AS master_name, (CASE WHEN curdate() < c.begin_date THEN '未开班' WHEN curdate() > c.end_date THEN '已结课' ELSE '已开班' END) AS status FROM clazz c LEFT JOIN emp e ON c.master_id = e.id) table_count
2026-05-21 10:48:24.754 [http-nio-8080-exec-6] DEBUG codeking.mapper.ClazzMapper.list_COUNT - ==> Parameters: 
2026-05-21 10:48:24.756 [http-nio-8080-exec-6] DEBUG codeking.mapper.ClazzMapper.list_COUNT - <==      Total: 1
2026-05-21 10:48:24.756 [http-nio-8080-exec-6] DEBUG codeking.mapper.ClazzMapper.list - ==>  Preparing: select c.*, e.name as master_name, (case when curdate() < c.begin_date then '未开班' when curdate() > c.end_date then '已结课' else '已开班' end) as status from clazz c left join emp e on c.master_id = e.id order by c.id desc LIMIT ?
2026-05-21 10:48:24.757 [http-nio-8080-exec-6] DEBUG codeking.mapper.ClazzMapper.list - ==> Parameters: 10(Integer)
2026-05-21 10:48:24.759 [http-nio-8080-exec-6] DEBUG codeking.mapper.ClazzMapper.list - <==      Total: 7
2026-05-21 10:49:40.786 [http-nio-8080-exec-7] INFO  codeking.fliter.TokenFilter - 令牌合法, 放行
2026-05-21 10:49:40.786 [http-nio-8080-exec-8] INFO  codeking.fliter.TokenFilter - 令牌合法, 放行
2026-05-21 10:49:40.787 [http-nio-8080-exec-7] INFO  codeking.controller.ClazzController - 班级分页查询: page=1, pageSize=10, name=, begin=null, end=null
2026-05-21 10:49:40.792 [http-nio-8080-exec-7] DEBUG codeking.mapper.ClazzMapper.list_COUNT - ==>  Preparing: SELECT count(0) FROM (SELECT c.*, e.name AS master_name, (CASE WHEN curdate() < c.begin_date THEN '未开班' WHEN curdate() > c.end_date THEN '已结课' ELSE '已开班' END) AS status FROM clazz c LEFT JOIN emp e ON c.master_id = e.id) table_count
2026-05-21 10:49:40.792 [http-nio-8080-exec-7] DEBUG codeking.mapper.ClazzMapper.list_COUNT - ==> Parameters: 
2026-05-21 10:49:40.793 [http-nio-8080-exec-7] DEBUG codeking.mapper.ClazzMapper.list_COUNT - <==      Total: 1
2026-05-21 10:49:40.794 [http-nio-8080-exec-7] DEBUG codeking.mapper.ClazzMapper.list - ==>  Preparing: select c.*, e.name as master_name, (case when curdate() < c.begin_date then '未开班' when curdate() > c.end_date then '已结课' else '已开班' end) as status from clazz c left join emp e on c.master_id = e.id order by c.id desc LIMIT ?
2026-05-21 10:49:40.795 [http-nio-8080-exec-7] DEBUG codeking.mapper.ClazzMapper.list - ==> Parameters: 10(Integer)
2026-05-21 10:49:40.799 [http-nio-8080-exec-7] DEBUG codeking.mapper.ClazzMapper.list - <==      Total: 7
2026-05-21 10:59:22.347 [SpringApplicationShutdownHook] INFO  o.s.boot.tomcat.GracefulShutdown - Commencing graceful shutdown. Waiting for active requests to complete
2026-05-21 10:59:22.799 [tomcat-shutdown] INFO  o.s.boot.tomcat.GracefulShutdown - Graceful shutdown complete
2026-05-21 10:59:22.809 [SpringApplicationShutdownHook] INFO  com.zaxxer.hikari.HikariDataSource - HikariPool-1 - Shutdown initiated...
2026-05-21 10:59:22.826 [SpringApplicationShutdownHook] INFO  com.zaxxer.hikari.HikariDataSource - HikariPool-1 - Shutdown completed.
2026-05-21 10:59:27.496 [main] INFO  codeking.WebManagementApplication - Starting WebManagementApplication using Java 17.0.18 with PID 3124 (E:\JavaWebTest\javaweb02\web-management\target\classes started by wei in E:\JavaWebTest\javaweb02)
2026-05-21 10:59:27.498 [main] DEBUG codeking.WebManagementApplication - Running with Spring Boot v4.0.6, Spring v7.0.7
2026-05-21 10:59:27.499 [main] INFO  codeking.WebManagementApplication - No active profile set, falling back to 1 default profile: "default"
2026-05-21 10:59:28.367 [main] INFO  o.s.boot.tomcat.TomcatWebServer - Tomcat initialized with port 8080 (http)
2026-05-21 10:59:28.378 [main] INFO  o.apache.coyote.http11.Http11NioProtocol - Initializing ProtocolHandler ["http-nio-8080"]
2026-05-21 10:59:28.379 [main] INFO  o.apache.catalina.core.StandardService - Starting service [Tomcat]
2026-05-21 10:59:28.380 [main] INFO  org.apache.catalina.core.StandardEngine - Starting Servlet engine: [Apache Tomcat/11.0.21]
2026-05-21 10:59:28.436 [main] INFO  o.s.b.w.c.s.WebApplicationContextInitializer - Root WebApplicationContext: initialization completed in 899 ms
2026-05-21 10:59:29.017 [main] INFO  o.apache.coyote.http11.Http11NioProtocol - Starting ProtocolHandler ["http-nio-8080"]
2026-05-21 10:59:29.033 [main] INFO  o.s.boot.tomcat.TomcatWebServer - Tomcat started on port 8080 (http) with context path '/'
2026-05-21 10:59:29.037 [main] INFO  codeking.WebManagementApplication - Started WebManagementApplication in 2.063 seconds (process running for 2.753)
2026-05-21 10:59:42.611 [http-nio-8080-exec-2] INFO  o.a.c.c.C.[Tomcat].[localhost].[/] - Initializing Spring DispatcherServlet 'dispatcherServlet'
2026-05-21 10:59:42.612 [http-nio-8080-exec-2] INFO  o.s.web.servlet.DispatcherServlet - Initializing Servlet 'dispatcherServlet'
2026-05-21 10:59:42.613 [http-nio-8080-exec-2] INFO  o.s.web.servlet.DispatcherServlet - Completed initialization in 1 ms
2026-05-21 10:59:42.663 [http-nio-8080-exec-1] INFO  codeking.fliter.TokenFilter - 令牌合法, 放行
2026-05-21 10:59:42.663 [http-nio-8080-exec-2] INFO  codeking.fliter.TokenFilter - 令牌合法, 放行
2026-05-21 10:59:42.681 [http-nio-8080-exec-2] INFO  codeking.controller.EmpController - 查询全部员工
2026-05-21 10:59:42.693 [http-nio-8080-exec-1] INFO  codeking.controller.ClazzController - 班级分页查询: page=1, pageSize=10, name=, begin=null, end=null
2026-05-21 10:59:42.709 [http-nio-8080-exec-2] INFO  com.zaxxer.hikari.HikariDataSource - HikariPool-1 - Starting...
2026-05-21 10:59:43.023 [http-nio-8080-exec-2] INFO  com.zaxxer.hikari.pool.HikariPool - HikariPool-1 - Added connection com.mysql.cj.jdbc.ConnectionImpl@1de65077
2026-05-21 10:59:43.025 [http-nio-8080-exec-2] INFO  com.zaxxer.hikari.HikariDataSource - HikariPool-1 - Start completed.
2026-05-21 10:59:43.030 [http-nio-8080-exec-2] DEBUG codeking.mapper.EmpMapper.list - ==>  Preparing: select e.*, d.name deptName from emp as e left join dept as d on e.dept_id = d.id
2026-05-21 10:59:43.041 [http-nio-8080-exec-1] DEBUG codeking.mapper.ClazzMapper.list_COUNT - ==>  Preparing: SELECT count(0) FROM (SELECT c.*, e.name AS master_name, (CASE WHEN curdate() < c.begin_date THEN '未开班' WHEN curdate() > c.end_date THEN '已结课' ELSE '已开班' END) AS status FROM clazz c LEFT JOIN emp e ON c.master_id = e.id) table_count
2026-05-21 10:59:43.056 [http-nio-8080-exec-2] DEBUG codeking.mapper.EmpMapper.list - ==> Parameters: 
2026-05-21 10:59:43.056 [http-nio-8080-exec-1] DEBUG codeking.mapper.ClazzMapper.list_COUNT - ==> Parameters: 
2026-05-21 10:59:43.079 [http-nio-8080-exec-1] DEBUG codeking.mapper.ClazzMapper.list_COUNT - <==      Total: 1
2026-05-21 10:59:43.083 [http-nio-8080-exec-1] DEBUG codeking.mapper.ClazzMapper.list - ==>  Preparing: select c.*, e.name as master_name, (case when curdate() < c.begin_date then '未开班' when curdate() > c.end_date then '已结课' else '已开班' end) as status from clazz c left join emp e on c.master_id = e.id order by c.id desc LIMIT ?
2026-05-21 10:59:43.084 [http-nio-8080-exec-1] DEBUG codeking.mapper.ClazzMapper.list - ==> Parameters: 10(Integer)
2026-05-21 10:59:43.089 [http-nio-8080-exec-1] DEBUG codeking.mapper.ClazzMapper.list - <==      Total: 7
2026-05-21 10:59:43.103 [http-nio-8080-exec-2] DEBUG codeking.mapper.EmpMapper.list - <==      Total: 32
2026-05-21 11:02:13.822 [http-nio-8080-exec-3] INFO  codeking.fliter.TokenFilter - 令牌合法, 放行
2026-05-21 11:02:13.822 [http-nio-8080-exec-6] INFO  codeking.fliter.TokenFilter - 令牌合法, 放行
2026-05-21 11:02:13.823 [http-nio-8080-exec-6] INFO  codeking.controller.EmpController - 查询全部员工
2026-05-21 11:02:13.823 [http-nio-8080-exec-3] INFO  codeking.controller.ClazzController - 班级分页查询: page=1, pageSize=10, name=, begin=null, end=null
2026-05-21 11:02:13.824 [http-nio-8080-exec-6] DEBUG codeking.mapper.EmpMapper.list - ==>  Preparing: select e.*, d.name deptName from emp as e left join dept as d on e.dept_id = d.id
2026-05-21 11:02:13.824 [http-nio-8080-exec-6] DEBUG codeking.mapper.EmpMapper.list - ==> Parameters: 
2026-05-21 11:02:13.830 [http-nio-8080-exec-6] DEBUG codeking.mapper.EmpMapper.list - <==      Total: 32
2026-05-21 11:02:13.830 [http-nio-8080-exec-3] DEBUG codeking.mapper.ClazzMapper.list_COUNT - ==>  Preparing: SELECT count(0) FROM (SELECT c.*, e.name AS master_name, (CASE WHEN curdate() < c.begin_date THEN '未开班' WHEN curdate() > c.end_date THEN '已结课' ELSE '已开班' END) AS status FROM clazz c LEFT JOIN emp e ON c.master_id = e.id) table_count
2026-05-21 11:02:13.831 [http-nio-8080-exec-3] DEBUG codeking.mapper.ClazzMapper.list_COUNT - ==> Parameters: 
2026-05-21 11:02:13.833 [http-nio-8080-exec-3] DEBUG codeking.mapper.ClazzMapper.list_COUNT - <==      Total: 1
2026-05-21 11:02:13.834 [http-nio-8080-exec-3] DEBUG codeking.mapper.ClazzMapper.list - ==>  Preparing: select c.*, e.name as master_name, (case when curdate() < c.begin_date then '未开班' when curdate() > c.end_date then '已结课' else '已开班' end) as status from clazz c left join emp e on c.master_id = e.id order by c.id desc LIMIT ?
2026-05-21 11:02:13.834 [http-nio-8080-exec-3] DEBUG codeking.mapper.ClazzMapper.list - ==> Parameters: 10(Integer)
2026-05-21 11:02:13.836 [http-nio-8080-exec-3] DEBUG codeking.mapper.ClazzMapper.list - <==      Total: 7
2026-05-21 11:02:47.821 [http-nio-8080-exec-5] INFO  codeking.fliter.TokenFilter - 令牌合法, 放行
2026-05-21 11:02:47.822 [http-nio-8080-exec-5] INFO  codeking.controller.DeptController - 查询部门列表
2026-05-21 11:02:47.827 [http-nio-8080-exec-5] DEBUG codeking.mapper.DeptMapper.findAll - ==>  Preparing: select * from dept
2026-05-21 11:02:47.828 [http-nio-8080-exec-5] DEBUG codeking.mapper.DeptMapper.findAll - ==> Parameters: 
2026-05-21 11:02:47.830 [http-nio-8080-exec-5] DEBUG codeking.mapper.DeptMapper.findAll - <==      Total: 6
2026-05-21 11:02:47.830 [http-nio-8080-exec-5] INFO  codeking.aop.RecordTimeAspect - 方法执行耗时: 4毫秒
2026-05-21 11:02:49.102 [http-nio-8080-exec-4] INFO  codeking.fliter.TokenFilter - 令牌合法, 放行
2026-05-21 11:02:49.102 [http-nio-8080-exec-4] INFO  codeking.controller.DeptController - 查询部门列表
2026-05-21 11:02:49.103 [http-nio-8080-exec-4] DEBUG codeking.mapper.DeptMapper.findAll - ==>  Preparing: select * from dept
2026-05-21 11:02:49.103 [http-nio-8080-exec-4] DEBUG codeking.mapper.DeptMapper.findAll - ==> Parameters: 
2026-05-21 11:02:49.105 [http-nio-8080-exec-4] DEBUG codeking.mapper.DeptMapper.findAll - <==      Total: 6
2026-05-21 11:02:49.105 [http-nio-8080-exec-4] INFO  codeking.aop.RecordTimeAspect - 方法执行耗时: 3毫秒
2026-05-21 11:12:53.103 [SpringApplicationShutdownHook] INFO  o.s.boot.tomcat.GracefulShutdown - Commencing graceful shutdown. Waiting for active requests to complete
2026-05-21 11:12:53.690 [tomcat-shutdown] INFO  o.s.boot.tomcat.GracefulShutdown - Graceful shutdown complete
2026-05-21 11:12:53.694 [SpringApplicationShutdownHook] INFO  com.zaxxer.hikari.HikariDataSource - HikariPool-1 - Shutdown initiated...
2026-05-21 11:12:53.728 [SpringApplicationShutdownHook] INFO  com.zaxxer.hikari.HikariDataSource - HikariPool-1 - Shutdown completed.
